<?xml version="1.0" encoding="UTF-8"?>
<testsuite name="com.example.LearningMedia.LearningMediaApplicationTests" tests="1" skipped="0" failures="0" errors="0" timestamp="2025-04-15T11:02:58" hostname="Pramods-MBP" time="0.382">
  <properties/>
  <testcase name="contextLoads()" classname="com.example.LearningMedia.LearningMediaApplicationTests" time="0.382"/>
  <system-out><![CDATA[16:32:57.089 [Test worker] INFO org.springframework.test.context.support.AnnotationConfigContextLoaderUtils -- Could not detect default configuration classes for test class [com.example.LearningMedia.LearningMediaApplicationTests]: LearningMediaApplicationTests does not declare any static, non-private, non-final, nested classes annotated with @Configuration.
16:32:57.127 [Test worker] INFO org.springframework.boot.test.context.SpringBootTestContextBootstrapper -- Found @SpringBootConfiguration com.example.LearningMedia.LearningMediaApplication for test class com.example.LearningMedia.LearningMediaApplicationTests

  .   ____          _            __ _ _
 /\\ / ___'_ __ _ _(_)_ __  __ _ \ \ \ \
( ( )\___ | '_ | '_| | '_ \/ _` | \ \ \ \
 \\/  ___)| |_)| | | | | || (_| |  ) ) ) )
  '  |____| .__|_| |_|_| |_\__, | / / / /
 =========|_|==============|___/=/_/_/_/
 :: Spring Boot ::                (v3.1.5)

2025-04-15T16:32:57.263+05:30  INFO 60408 --- [    Test worker] c.e.L.LearningMediaApplicationTests      : Starting LearningMediaApplicationTests using Java 17.0.12 with PID 60408 (started by pramodwijenayake in /Users/pramodwijenayake/Desktop/EduStream)
2025-04-15T16:32:57.263+05:30 DEBUG 60408 --- [    Test worker] c.e.L.LearningMediaApplicationTests      : Running with Spring Boot v3.1.5, Spring v6.0.13
2025-04-15T16:32:57.263+05:30  INFO 60408 --- [    Test worker] c.e.L.LearningMediaApplicationTests      : No active profile set, falling back to 1 default profile: "default"
2025-04-15T16:32:57.505+05:30  INFO 60408 --- [    Test worker] .s.d.r.c.RepositoryConfigurationDelegate : Bootstrapping Spring Data MongoDB repositories in DEFAULT mode.
2025-04-15T16:32:57.567+05:30  INFO 60408 --- [    Test worker] .s.d.r.c.RepositoryConfigurationDelegate : Finished Spring Data repository scanning in 61 ms. Found 6 MongoDB repository interfaces.
2025-04-15T16:32:57.811+05:30  INFO 60408 --- [    Test worker] org.mongodb.driver.client                : MongoClient with metadata {"driver": {"name": "mongo-java-driver|sync|spring-boot", "version": "4.9.1"}, "os": {"type": "Darwin", "name": "Mac OS X", "architecture": "aarch64", "version": "14.4.1"}, "platform": "Java/Oracle Corporation/17.0.12+8-LTS-286", "application": {"name": "WijeboyTechnology"}} created with settings MongoClientSettings{readPreference=primary, writeConcern=WriteConcern{w=majority, wTimeout=null ms, journal=null}, retryWrites=true, retryReads=true, readConcern=ReadConcern{level=null}, credential=MongoCredential{mechanism=null, userName='pramodbro', source='admin', password=<hidden>, mechanismProperties=<hidden>}, streamFactoryFactory=null, commandListeners=[], codecRegistry=ProvidersCodecRegistry{codecProviders=[ValueCodecProvider{}, BsonValueCodecProvider{}, DBRefCodecProvider{}, DBObjectCodecProvider{}, DocumentCodecProvider{}, CollectionCodecProvider{}, IterableCodecProvider{}, MapCodecProvider{}, GeoJsonCodecProvider{}, GridFSFileCodecProvider{}, Jsr310CodecProvider{}, JsonObjectCodecProvider{}, BsonCodecProvider{}, EnumCodecProvider{}, com.mongodb.client.model.mql.ExpressionCodecProvider@267f9765, com.mongodb.Jep395RecordCodecProvider@79ba0a6f]}, loggerSettings=LoggerSettings{maxDocumentLength=1000}, clusterSettings={hosts=[127.0.0.1:27017], srvHost=wijeboytechnology.zwk6s.mongodb.net, srvServiceName=mongodb, mode=MULTIPLE, requiredClusterType=REPLICA_SET, requiredReplicaSetName='atlas-66er5h-shard-0', serverSelector='null', clusterListeners='[]', serverSelectionTimeout='30000 ms', localThreshold='30000 ms'}, socketSettings=SocketSettings{connectTimeoutMS=10000, readTimeoutMS=0, receiveBufferSize=0, sendBufferSize=0}, heartbeatSocketSettings=SocketSettings{connectTimeoutMS=10000, readTimeoutMS=10000, receiveBufferSize=0, sendBufferSize=0}, connectionPoolSettings=ConnectionPoolSettings{maxSize=100, minSize=0, maxWaitTimeMS=120000, maxConnectionLifeTimeMS=0, maxConnectionIdleTimeMS=0, maintenanceInitialDelayMS=0, maintenanceFrequencyMS=60000, connectionPoolListeners=[], maxConnecting=2}, serverSettings=ServerSettings{heartbeatFrequencyMS=10000, minHeartbeatFrequencyMS=500, serverListeners='[]', serverMonitorListeners='[]'}, sslSettings=SslSettings{enabled=true, invalidHostNameAllowed=false, context=null}, applicationName='WijeboyTechnology', compressorList=[], uuidRepresentation=JAVA_LEGACY, serverApi=null, autoEncryptionSettings=null, contextProvider=null}
2025-04-15T16:32:57.912+05:30  INFO 60408 --- [k6s.mongodb.net] org.mongodb.driver.cluster               : Adding discovered server wijeboytechnology-shard-00-02.zwk6s.mongodb.net:27017 to client view of cluster
2025-04-15T16:32:57.920+05:30  INFO 60408 --- [k6s.mongodb.net] org.mongodb.driver.cluster               : Adding discovered server wijeboytechnology-shard-00-01.zwk6s.mongodb.net:27017 to client view of cluster
2025-04-15T16:32:57.920+05:30  INFO 60408 --- [k6s.mongodb.net] org.mongodb.driver.cluster               : Adding discovered server wijeboytechnology-shard-00-00.zwk6s.mongodb.net:27017 to client view of cluster
2025-04-15T16:32:58.051+05:30  INFO 60408 --- [    Test worker] o.s.s.web.DefaultSecurityFilterChain     : Will secure any request with [org.springframework.security.web.session.DisableEncodeUrlFilter@3193e21d, org.springframework.security.web.context.request.async.WebAsyncManagerIntegrationFilter@79604abe, org.springframework.security.web.context.SecurityContextHolderFilter@46702c26, org.springframework.security.web.header.HeaderWriterFilter@74b97416, org.springframework.security.web.authentication.logout.LogoutFilter@b5de9ac, org.springframework.security.oauth2.client.web.OAuth2AuthorizationRequestRedirectFilter@51132514, org.springframework.security.oauth2.client.web.OAuth2LoginAuthenticationFilter@20864cd1, org.springframework.security.web.authentication.UsernamePasswordAuthenticationFilter@5ee77baf, org.springframework.security.web.savedrequest.RequestCacheAwareFilter@e3ed455, org.springframework.security.web.servletapi.SecurityContextHolderAwareRequestFilter@56d822dc, org.springframework.security.web.authentication.AnonymousAuthenticationFilter@6b126187, org.springframework.security.web.access.ExceptionTranslationFilter@8bc0696, org.springframework.security.web.access.intercept.AuthorizationFilter@d120d7c]
2025-04-15T16:32:58.144+05:30  INFO 60408 --- [    Test worker] o.s.b.a.w.s.WelcomePageHandlerMapping    : Adding welcome page: class path resource [static/index.html]
2025-04-15T16:32:58.213+05:30  INFO 60408 --- [    Test worker] c.e.L.LearningMediaApplicationTests      : Started LearningMediaApplicationTests in 1.032 seconds (process running for 1.457)
]]></system-out>
  <system-err><![CDATA[]]></system-err>
</testsuite>
